2025-02-09 11:03:08,015 [Worker-2: Loading available Gradle versions] INFO  o.e.b.c.i.u.g.PublishedGradleVersions - Gradle version information cache is up-to-date. Trying to read.
2025-02-09 11:03:34,198 [Worker-8: Building] INFO  o.e.m.c.i.l.LifecycleMappingFactory - Using org.eclipse.m2e.jdt.JarLifecycleMapping lifecycle mapping for MavenProject: metrosystem:MetroSystem:0.0.1-SNAPSHOT @ C:\Users\adisingh34\Desktop\Project_Metro_Station\MetroSystem\pom.xml.
2025-02-09 11:03:34,313 [Worker-8: Building] WARN  o.e.m.c.i.embedder.EclipseLogger - The artifact mysql:mysql-connector-java:jar:8.0.33 has been relocated to com.mysql:mysql-connector-j:jar:8.0.33: MySQL Connector/J artifacts moved to reverse-DNS compliant Maven 2+ coordinates.
2025-02-09 11:03:34,325 [Worker-11: reload maven project] WARN  o.e.m.c.i.embedder.EclipseLogger - The artifact mysql:mysql-connector-java:jar:8.0.33 has been relocated to com.mysql:mysql-connector-j:jar:8.0.33: MySQL Connector/J artifacts moved to reverse-DNS compliant Maven 2+ coordinates.
2025-02-09 11:03:35,736 [Worker-8: Building] INFO  o.a.m.s.f.DefaultMavenResourcesFiltering - skip non existing resourceDirectory C:\Users\adisingh34\Desktop\Project_Metro_Station\MetroSystem\src\main\resources
2025-02-09 11:03:35,781 [Worker-8: Building] INFO  o.a.m.s.f.DefaultMavenResourcesFiltering - skip non existing resourceDirectory C:\Users\adisingh34\Desktop\Project_Metro_Station\MetroSystem\src\test\resources
2025-02-09 11:04:22,024 [Worker-0: Building] INFO  o.a.m.s.f.DefaultMavenResourcesFiltering - skip non existing resourceDirectory C:\Users\adisingh34\Desktop\Project_Metro_Station\MetroSystem\src\main\resources
2025-02-09 11:04:22,028 [Worker-0: Building] INFO  o.a.m.s.f.DefaultMavenResourcesFiltering - skip non existing resourceDirectory C:\Users\adisingh34\Desktop\Project_Metro_Station\MetroSystem\src\test\resources
2025-02-09 11:05:08,326 [Worker-11: Building] INFO  o.a.m.s.f.DefaultMavenResourcesFiltering - skip non existing resourceDirectory C:\Users\adisingh34\Desktop\Project_Metro_Station\MetroSystem\src\main\resources
2025-02-09 11:05:08,330 [Worker-11: Building] INFO  o.a.m.s.f.DefaultMavenResourcesFiltering - skip non existing resourceDirectory C:\Users\adisingh34\Desktop\Project_Metro_Station\MetroSystem\src\test\resources
2025-02-09 11:06:08,029 [Worker-21: Building] INFO  o.a.m.s.f.DefaultMavenResourcesFiltering - skip non existing resourceDirectory C:\Users\adisingh34\Desktop\Project_Metro_Station\MetroSystem\src\main\resources
2025-02-09 11:06:08,034 [Worker-21: Building] INFO  o.a.m.s.f.DefaultMavenResourcesFiltering - skip non existing resourceDirectory C:\Users\adisingh34\Desktop\Project_Metro_Station\MetroSystem\src\test\resources
2025-02-09 11:07:36,483 [Worker-12: Building] INFO  o.a.m.s.f.DefaultMavenResourcesFiltering - skip non existing resourceDirectory C:\Users\adisingh34\Desktop\Project_Metro_Station\MetroSystem\src\main\resources
2025-02-09 11:07:36,490 [Worker-12: Building] INFO  o.a.m.s.f.DefaultMavenResourcesFiltering - skip non existing resourceDirectory C:\Users\adisingh34\Desktop\Project_Metro_Station\MetroSystem\src\test\resources
2025-02-09 11:14:34,487 [Worker-25: Building] INFO  o.a.m.s.f.DefaultMavenResourcesFiltering - skip non existing resourceDirectory C:\Users\adisingh34\Desktop\Project_Metro_Station\MetroSystem\src\main\resources
2025-02-09 11:14:34,491 [Worker-25: Building] INFO  o.a.m.s.f.DefaultMavenResourcesFiltering - skip non existing resourceDirectory C:\Users\adisingh34\Desktop\Project_Metro_Station\MetroSystem\src\test\resources
2025-02-09 11:15:44,563 [Worker-24: Building] INFO  o.a.m.s.f.DefaultMavenResourcesFiltering - skip non existing resourceDirectory C:\Users\adisingh34\Desktop\Project_Metro_Station\MetroSystem\src\main\resources
2025-02-09 11:15:44,566 [Worker-24: Building] INFO  o.a.m.s.f.DefaultMavenResourcesFiltering - skip non existing resourceDirectory C:\Users\adisingh34\Desktop\Project_Metro_Station\MetroSystem\src\test\resources
2025-02-09 11:28:50,405 [Worker-27: Building] INFO  o.a.m.s.f.DefaultMavenResourcesFiltering - skip non existing resourceDirectory C:\Users\adisingh34\Desktop\Project_Metro_Station\MetroSystem\src\main\resources
2025-02-09 11:28:50,412 [Worker-27: Building] INFO  o.a.m.s.f.DefaultMavenResourcesFiltering - skip non existing resourceDirectory C:\Users\adisingh34\Desktop\Project_Metro_Station\MetroSystem\src\test\resources
2025-02-09 11:28:58,374 [Worker-27: Building] INFO  o.a.m.s.f.DefaultMavenResourcesFiltering - skip non existing resourceDirectory C:\Users\adisingh34\Desktop\Project_Metro_Station\MetroSystem\src\main\resources
2025-02-09 11:28:58,378 [Worker-27: Building] INFO  o.a.m.s.f.DefaultMavenResourcesFiltering - skip non existing resourceDirectory C:\Users\adisingh34\Desktop\Project_Metro_Station\MetroSystem\src\test\resources
2025-02-09 11:29:48,804 [Worker-26: Building] INFO  o.a.m.s.f.DefaultMavenResourcesFiltering - skip non existing resourceDirectory C:\Users\adisingh34\Desktop\Project_Metro_Station\MetroSystem\src\main\resources
2025-02-09 11:29:48,808 [Worker-26: Building] INFO  o.a.m.s.f.DefaultMavenResourcesFiltering - skip non existing resourceDirectory C:\Users\adisingh34\Desktop\Project_Metro_Station\MetroSystem\src\test\resources
2025-02-09 11:37:03,185 [Worker-26: Building] INFO  o.a.m.s.f.DefaultMavenResourcesFiltering - skip non existing resourceDirectory C:\Users\adisingh34\Desktop\Project_Metro_Station\MetroSystem\src\main\resources
2025-02-09 11:37:03,191 [Worker-26: Building] INFO  o.a.m.s.f.DefaultMavenResourcesFiltering - skip non existing resourceDirectory C:\Users\adisingh34\Desktop\Project_Metro_Station\MetroSystem\src\test\resources
2025-02-09 11:37:07,714 [Worker-28: Building] INFO  o.a.m.s.f.DefaultMavenResourcesFiltering - skip non existing resourceDirectory C:\Users\adisingh34\Desktop\Project_Metro_Station\MetroSystem\src\main\resources
2025-02-09 11:37:07,718 [Worker-28: Building] INFO  o.a.m.s.f.DefaultMavenResourcesFiltering - skip non existing resourceDirectory C:\Users\adisingh34\Desktop\Project_Metro_Station\MetroSystem\src\test\resources
2025-02-09 11:38:18,924 [Worker-26: Building] INFO  o.a.m.s.f.DefaultMavenResourcesFiltering - skip non existing resourceDirectory C:\Users\adisingh34\Desktop\Project_Metro_Station\MetroSystem\src\main\resources
2025-02-09 11:38:18,927 [Worker-26: Building] INFO  o.a.m.s.f.DefaultMavenResourcesFiltering - skip non existing resourceDirectory C:\Users\adisingh34\Desktop\Project_Metro_Station\MetroSystem\src\test\resources
2025-02-09 11:38:32,527 [Worker-31: Building] INFO  o.a.m.s.f.DefaultMavenResourcesFiltering - skip non existing resourceDirectory C:\Users\adisingh34\Desktop\Project_Metro_Station\MetroSystem\src\main\resources
2025-02-09 11:38:32,538 [Worker-31: Building] INFO  o.a.m.s.f.DefaultMavenResourcesFiltering - skip non existing resourceDirectory C:\Users\adisingh34\Desktop\Project_Metro_Station\MetroSystem\src\test\resources
2025-02-09 11:43:13,633 [Worker-28: Building] INFO  o.a.m.s.f.DefaultMavenResourcesFiltering - skip non existing resourceDirectory C:\Users\adisingh34\Desktop\Project_Metro_Station\MetroSystem\src\main\resources
2025-02-09 11:43:13,636 [Worker-28: Building] INFO  o.a.m.s.f.DefaultMavenResourcesFiltering - skip non existing resourceDirectory C:\Users\adisingh34\Desktop\Project_Metro_Station\MetroSystem\src\test\resources
2025-02-09 11:45:08,038 [Worker-34: Building] INFO  o.a.m.s.f.DefaultMavenResourcesFiltering - skip non existing resourceDirectory C:\Users\adisingh34\Desktop\Project_Metro_Station\MetroSystem\src\main\resources
2025-02-09 11:45:08,044 [Worker-34: Building] INFO  o.a.m.s.f.DefaultMavenResourcesFiltering - skip non existing resourceDirectory C:\Users\adisingh34\Desktop\Project_Metro_Station\MetroSystem\src\test\resources
2025-02-09 11:45:40,203 [Worker-34: Building] INFO  o.a.m.s.f.DefaultMavenResourcesFiltering - skip non existing resourceDirectory C:\Users\adisingh34\Desktop\Project_Metro_Station\MetroSystem\src\main\resources
2025-02-09 11:45:40,207 [Worker-34: Building] INFO  o.a.m.s.f.DefaultMavenResourcesFiltering - skip non existing resourceDirectory C:\Users\adisingh34\Desktop\Project_Metro_Station\MetroSystem\src\test\resources
2025-02-09 11:50:05,069 [Worker-37: Building] INFO  o.a.m.s.f.DefaultMavenResourcesFiltering - skip non existing resourceDirectory C:\Users\adisingh34\Desktop\Project_Metro_Station\MetroSystem\src\main\resources
2025-02-09 11:50:05,073 [Worker-37: Building] INFO  o.a.m.s.f.DefaultMavenResourcesFiltering - skip non existing resourceDirectory C:\Users\adisingh34\Desktop\Project_Metro_Station\MetroSystem\src\test\resources
2025-02-09 11:50:29,414 [Worker-28: Building] INFO  o.a.m.s.f.DefaultMavenResourcesFiltering - skip non existing resourceDirectory C:\Users\adisingh34\Desktop\Project_Metro_Station\MetroSystem\src\main\resources
2025-02-09 11:50:29,416 [Worker-28: Building] INFO  o.a.m.s.f.DefaultMavenResourcesFiltering - skip non existing resourceDirectory C:\Users\adisingh34\Desktop\Project_Metro_Station\MetroSystem\src\test\resources
2025-02-09 11:50:35,791 [Worker-36: Building] INFO  o.a.m.s.f.DefaultMavenResourcesFiltering - skip non existing resourceDirectory C:\Users\adisingh34\Desktop\Project_Metro_Station\MetroSystem\src\main\resources
2025-02-09 11:50:35,793 [Worker-36: Building] INFO  o.a.m.s.f.DefaultMavenResourcesFiltering - skip non existing resourceDirectory C:\Users\adisingh34\Desktop\Project_Metro_Station\MetroSystem\src\test\resources
2025-02-09 11:52:29,353 [Worker-34: Building] INFO  o.a.m.s.f.DefaultMavenResourcesFiltering - skip non existing resourceDirectory C:\Users\adisingh34\Desktop\Project_Metro_Station\MetroSystem\src\main\resources
2025-02-09 11:52:29,358 [Worker-34: Building] INFO  o.a.m.s.f.DefaultMavenResourcesFiltering - skip non existing resourceDirectory C:\Users\adisingh34\Desktop\Project_Metro_Station\MetroSystem\src\test\resources
2025-02-09 11:52:49,916 [Worker-28: Building] INFO  o.a.m.s.f.DefaultMavenResourcesFiltering - skip non existing resourceDirectory C:\Users\adisingh34\Desktop\Project_Metro_Station\MetroSystem\src\main\resources
2025-02-09 11:52:49,920 [Worker-28: Building] INFO  o.a.m.s.f.DefaultMavenResourcesFiltering - skip non existing resourceDirectory C:\Users\adisingh34\Desktop\Project_Metro_Station\MetroSystem\src\test\resources
2025-02-09 11:54:41,883 [Worker-37: Building] INFO  o.a.m.s.f.DefaultMavenResourcesFiltering - skip non existing resourceDirectory C:\Users\adisingh34\Desktop\Project_Metro_Station\MetroSystem\src\main\resources
2025-02-09 11:54:41,886 [Worker-37: Building] INFO  o.a.m.s.f.DefaultMavenResourcesFiltering - skip non existing resourceDirectory C:\Users\adisingh34\Desktop\Project_Metro_Station\MetroSystem\src\test\resources
2025-02-09 11:55:32,317 [Worker-28: Building] INFO  o.a.m.s.f.DefaultMavenResourcesFiltering - skip non existing resourceDirectory C:\Users\adisingh34\Desktop\Project_Metro_Station\MetroSystem\src\main\resources
2025-02-09 11:55:32,320 [Worker-28: Building] INFO  o.a.m.s.f.DefaultMavenResourcesFiltering - skip non existing resourceDirectory C:\Users\adisingh34\Desktop\Project_Metro_Station\MetroSystem\src\test\resources
2025-02-09 12:00:16,957 [Worker-28: Building] INFO  o.a.m.s.f.DefaultMavenResourcesFiltering - skip non existing resourceDirectory C:\Users\adisingh34\Desktop\Project_Metro_Station\MetroSystem\src\main\resources
2025-02-09 12:00:16,961 [Worker-28: Building] INFO  o.a.m.s.f.DefaultMavenResourcesFiltering - skip non existing resourceDirectory C:\Users\adisingh34\Desktop\Project_Metro_Station\MetroSystem\src\test\resources
2025-02-09 12:00:37,975 [Worker-37: Building] INFO  o.a.m.s.f.DefaultMavenResourcesFiltering - skip non existing resourceDirectory C:\Users\adisingh34\Desktop\Project_Metro_Station\MetroSystem\src\main\resources
2025-02-09 12:00:37,978 [Worker-37: Building] INFO  o.a.m.s.f.DefaultMavenResourcesFiltering - skip non existing resourceDirectory C:\Users\adisingh34\Desktop\Project_Metro_Station\MetroSystem\src\test\resources
2025-02-09 12:00:58,521 [Worker-37: Building] INFO  o.a.m.s.f.DefaultMavenResourcesFiltering - skip non existing resourceDirectory C:\Users\adisingh34\Desktop\Project_Metro_Station\MetroSystem\src\main\resources
2025-02-09 12:00:58,521 [Worker-37: Building] INFO  o.a.m.s.f.DefaultMavenResourcesFiltering - skip non existing resourceDirectory C:\Users\adisingh34\Desktop\Project_Metro_Station\MetroSystem\src\test\resources
2025-02-09 12:02:02,280 [Worker-39: Building] INFO  o.a.m.s.f.DefaultMavenResourcesFiltering - skip non existing resourceDirectory C:\Users\adisingh34\Desktop\Project_Metro_Station\MetroSystem\src\main\resources
2025-02-09 12:02:02,286 [Worker-39: Building] INFO  o.a.m.s.f.DefaultMavenResourcesFiltering - skip non existing resourceDirectory C:\Users\adisingh34\Desktop\Project_Metro_Station\MetroSystem\src\test\resources
2025-02-09 12:02:21,034 [Worker-38: Building] INFO  o.a.m.s.f.DefaultMavenResourcesFiltering - skip non existing resourceDirectory C:\Users\adisingh34\Desktop\Project_Metro_Station\MetroSystem\src\main\resources
2025-02-09 12:02:21,051 [Worker-38: Building] INFO  o.a.m.s.f.DefaultMavenResourcesFiltering - skip non existing resourceDirectory C:\Users\adisingh34\Desktop\Project_Metro_Station\MetroSystem\src\test\resources
2025-02-09 12:03:46,043 [Worker-40: Building] INFO  o.a.m.s.f.DefaultMavenResourcesFiltering - skip non existing resourceDirectory C:\Users\adisingh34\Desktop\Project_Metro_Station\MetroSystem\src\main\resources
2025-02-09 12:03:46,043 [Worker-40: Building] INFO  o.a.m.s.f.DefaultMavenResourcesFiltering - skip non existing resourceDirectory C:\Users\adisingh34\Desktop\Project_Metro_Station\MetroSystem\src\test\resources
2025-02-09 12:04:04,318 [Worker-37: Building] INFO  o.a.m.s.f.DefaultMavenResourcesFiltering - skip non existing resourceDirectory C:\Users\adisingh34\Desktop\Project_Metro_Station\MetroSystem\src\main\resources
2025-02-09 12:04:04,321 [Worker-37: Building] INFO  o.a.m.s.f.DefaultMavenResourcesFiltering - skip non existing resourceDirectory C:\Users\adisingh34\Desktop\Project_Metro_Station\MetroSystem\src\test\resources
2025-02-09 12:04:13,238 [Worker-40: Launching MetroSystemClient] INFO  o.a.m.s.f.DefaultMavenResourcesFiltering - skip non existing resourceDirectory C:\Users\adisingh34\Desktop\Project_Metro_Station\MetroSystem\src\main\resources
2025-02-09 12:04:13,245 [Worker-40: Launching MetroSystemClient] INFO  o.a.m.s.f.DefaultMavenResourcesFiltering - skip non existing resourceDirectory C:\Users\adisingh34\Desktop\Project_Metro_Station\MetroSystem\src\test\resources
2025-02-09 12:05:07,726 [Worker-39: Building] INFO  o.a.m.s.f.DefaultMavenResourcesFiltering - skip non existing resourceDirectory C:\Users\adisingh34\Desktop\Project_Metro_Station\MetroSystem\src\main\resources
2025-02-09 12:05:07,729 [Worker-39: Building] INFO  o.a.m.s.f.DefaultMavenResourcesFiltering - skip non existing resourceDirectory C:\Users\adisingh34\Desktop\Project_Metro_Station\MetroSystem\src\test\resources
2025-02-09 17:22:29,258 [Worker-2: Loading available Gradle versions] INFO  o.e.b.c.i.u.g.PublishedGradleVersions - Gradle version information cache is not available. Remote download required.
2025-02-09 17:23:46,438 [Worker-14: reload maven project] ERROR o.e.m2e.editor.pom.MavenPomEditor - failed to load maven project for org.eclipse.ui.part.FileEditorInput(/MetroSystem/pom.xml)
org.eclipse.core.runtime.CoreException: Unexpected internal Error occured
	at org.eclipse.m2e.core.internal.project.registry.ProjectRegistryManager.getMavenProject(ProjectRegistryManager.java:1108)
	at org.eclipse.m2e.core.internal.project.registry.MavenProjectFacade.getMavenProject(MavenProjectFacade.java:289)
	at org.eclipse.m2e.core.ui.internal.actions.SelectionUtil.getMavenProject(SelectionUtil.java:241)
	at org.eclipse.m2e.editor.pom.MavenPomEditor.readMavenProject(MavenPomEditor.java:709)
	at org.eclipse.m2e.editor.pom.MavenPomEditor$4.run(MavenPomEditor.java:1029)
	at org.eclipse.core.internal.jobs.Worker.run(Worker.java:63)
Caused by: java.lang.NullPointerException: Cannot invoke "org.eclipse.core.runtime.IPath.toFile()" because the return value of "org.eclipse.core.resources.IFile.getLocation()" is null
	at org.eclipse.m2e.core.internal.project.registry.ProjectRegistryManager.readProjectsWithDependencies(ProjectRegistryManager.java:936)
	at org.eclipse.m2e.core.internal.project.registry.ProjectRegistryManager.readProjectWithDependencies(ProjectRegistryManager.java:904)
	at org.eclipse.m2e.core.internal.project.registry.MavenProjectCache$CacheLine.lambda$1(MavenProjectCache.java:192)
	at java.base/java.util.concurrent.ConcurrentHashMap.computeIfAbsent(ConcurrentHashMap.java:1708)
	at org.eclipse.m2e.core.internal.project.registry.MavenProjectCache$CacheLine.getProject(MavenProjectCache.java:191)
	at org.eclipse.m2e.core.internal.project.registry.MavenProjectCache.getMavenProject(MavenProjectCache.java:105)
	at org.eclipse.m2e.core.internal.project.registry.ProjectRegistryManager.lambda$24(ProjectRegistryManager.java:1101)
	at java.base/java.util.Map.computeIfAbsent(Map.java:1066)
	at org.eclipse.m2e.core.internal.project.registry.ProjectRegistryManager.getMavenProject(ProjectRegistryManager.java:1100)
	... 5 common frames omitted
2025-02-09 17:23:46,719 [main] ERROR o.e.m2e.editor.pom.MavenPomEditor - Cannot determine URI for '/MetroSystem/pom.xml'.
org.eclipse.ui.PartInitException: Cannot determine URI for '/MetroSystem/pom.xml'.
	at org.eclipse.ui.texteditor.AbstractTextEditor.internalInit(AbstractTextEditor.java:3202)
	at org.eclipse.ui.texteditor.AbstractTextEditor.init(AbstractTextEditor.java:3213)
	at org.eclipse.ui.part.MultiPageEditorPart.addPage(MultiPageEditorPart.java:250)
	at org.eclipse.ui.forms.editor.FormEditor.addPage(FormEditor.java:331)
	at org.eclipse.ui.part.MultiPageEditorPart.addPage(MultiPageEditorPart.java:229)
	at org.eclipse.ui.forms.editor.FormEditor.addPage(FormEditor.java:313)
	at org.eclipse.m2e.editor.pom.MavenPomEditor.addFallbackEditors(MavenPomEditor.java:361)
	at org.eclipse.m2e.editor.pom.MavenPomEditor.addPages(MavenPomEditor.java:337)
	at org.eclipse.ui.forms.editor.FormEditor.createPages(FormEditor.java:143)
	at org.eclipse.ui.part.MultiPageEditorPart.createPartControl(MultiPageEditorPart.java:381)
	at org.eclipse.ui.internal.e4.compatibility.CompatibilityPart.createPartControl(CompatibilityPart.java:158)
	at org.eclipse.ui.internal.e4.compatibility.CompatibilityEditor.createPartControl(CompatibilityEditor.java:96)
	at org.eclipse.ui.internal.e4.compatibility.CompatibilityPart.create(CompatibilityPart.java:365)
	at java.base/jdk.internal.reflect.DirectMethodHandleAccessor.invoke(DirectMethodHandleAccessor.java:103)
	at java.base/java.lang.reflect.Method.invoke(Method.java:580)
	at org.eclipse.e4.core.internal.di.MethodRequestor.execute(MethodRequestor.java:56)
	at org.eclipse.e4.core.internal.di.InjectorImpl.processAnnotated(InjectorImpl.java:977)
	at org.eclipse.e4.core.internal.di.InjectorImpl.processAnnotated(InjectorImpl.java:939)
	at org.eclipse.e4.core.internal.di.InjectorImpl.internalInject(InjectorImpl.java:139)
	at org.eclipse.e4.core.internal.di.InjectorImpl.internalMake(InjectorImpl.java:386)
	at org.eclipse.e4.core.internal.di.InjectorImpl.make(InjectorImpl.java:312)
	at org.eclipse.e4.core.contexts.ContextInjectionFactory.make(ContextInjectionFactory.java:203)
	at org.eclipse.e4.ui.internal.workbench.ReflectionContributionFactory.createFromBundle(ReflectionContributionFactory.java:90)
	at org.eclipse.e4.ui.internal.workbench.ReflectionContributionFactory.doCreate(ReflectionContributionFactory.java:59)
	at org.eclipse.e4.ui.internal.workbench.ReflectionContributionFactory.create(ReflectionContributionFactory.java:42)
	at org.eclipse.e4.ui.workbench.renderers.swt.ContributedPartRenderer.createWidget(ContributedPartRenderer.java:134)
	at org.eclipse.e4.ui.internal.workbench.swt.PartRenderingEngine.createWidget(PartRenderingEngine.java:991)
	at org.eclipse.e4.ui.internal.workbench.swt.PartRenderingEngine.safeCreateGui(PartRenderingEngine.java:658)
	at org.eclipse.e4.ui.internal.workbench.swt.PartRenderingEngine.safeCreateGui(PartRenderingEngine.java:762)
	at org.eclipse.e4.ui.internal.workbench.swt.PartRenderingEngine$2.run(PartRenderingEngine.java:727)
	at org.eclipse.core.runtime.SafeRunner.run(SafeRunner.java:47)
	at org.eclipse.e4.ui.internal.workbench.swt.PartRenderingEngine.createGui(PartRenderingEngine.java:711)
	at org.eclipse.e4.ui.internal.workbench.PartServiceImpl.lambda$0(PartServiceImpl.java:105)
	at org.eclipse.e4.ui.services.internal.events.UIEventHandler.lambda$0(UIEventHandler.java:38)
	at org.eclipse.swt.widgets.Synchronizer.syncExec(Synchronizer.java:183)
	at org.eclipse.ui.internal.UISynchronizer.syncExec(UISynchronizer.java:133)
	at org.eclipse.swt.widgets.Display.syncExec(Display.java:4941)
	at org.eclipse.e4.ui.workbench.swt.DisplayUISynchronize.syncExec(DisplayUISynchronize.java:34)
	at org.eclipse.e4.ui.services.internal.events.UIEventHandler.handleEvent(UIEventHandler.java:38)
	at org.eclipse.equinox.internal.event.EventHandlerWrapper.handleEvent(EventHandlerWrapper.java:206)
	at org.eclipse.equinox.internal.event.EventHandlerTracker.dispatchEvent(EventHandlerTracker.java:201)
	at org.eclipse.equinox.internal.event.EventHandlerTracker.dispatchEvent(EventHandlerTracker.java:1)
	at org.eclipse.osgi.framework.eventmgr.EventManager.dispatchEvent(EventManager.java:230)
	at org.eclipse.osgi.framework.eventmgr.ListenerQueue.dispatchEventSynchronous(ListenerQueue.java:151)
	at org.eclipse.equinox.internal.event.EventAdminImpl.dispatchEvent(EventAdminImpl.java:131)
	at org.eclipse.equinox.internal.event.EventAdminImpl.sendEvent(EventAdminImpl.java:73)
	at org.eclipse.equinox.internal.event.EventComponent.sendEvent(EventComponent.java:44)
	at org.eclipse.e4.ui.services.internal.events.EventBroker.send(EventBroker.java:55)
	at org.eclipse.e4.ui.internal.workbench.UIEventPublisher.notifyChanged(UIEventPublisher.java:60)
	at org.eclipse.emf.common.notify.impl.BasicNotifierImpl.eNotify(BasicNotifierImpl.java:424)
	at org.eclipse.e4.ui.model.application.ui.impl.ElementContainerImpl.setSelectedElementGen(ElementContainerImpl.java:168)
	at org.eclipse.e4.ui.model.application.ui.impl.ElementContainerImpl.setSelectedElement(ElementContainerImpl.java:187)
	at org.eclipse.e4.ui.internal.workbench.PartServiceImpl.hidePart(PartServiceImpl.java:1391)
	at org.eclipse.e4.ui.internal.workbench.PartServiceImpl.hidePart(PartServiceImpl.java:1341)
	at org.eclipse.e4.ui.workbench.renderers.swt.StackRenderer.closePart(StackRenderer.java:1362)
	at org.eclipse.e4.ui.workbench.renderers.swt.StackRenderer$3.close(StackRenderer.java:1227)
	at org.eclipse.swt.custom.CTabFolder.onMouse(CTabFolder.java:1975)
	at org.eclipse.swt.custom.CTabFolder.lambda$0(CTabFolder.java:336)
	at org.eclipse.swt.widgets.EventTable.sendEvent(EventTable.java:91)
	at org.eclipse.swt.widgets.Display.sendEvent(Display.java:4404)
	at org.eclipse.swt.widgets.Widget.sendEvent(Widget.java:1173)
	at org.eclipse.swt.widgets.Display.runDeferredEvents(Display.java:4202)
	at org.eclipse.swt.widgets.Display.readAndDispatch(Display.java:3790)
	at org.eclipse.e4.ui.internal.workbench.swt.PartRenderingEngine$5.run(PartRenderingEngine.java:1151)
	at org.eclipse.core.databinding.observable.Realm.runWithDefault(Realm.java:339)
	at org.eclipse.e4.ui.internal.workbench.swt.PartRenderingEngine.run(PartRenderingEngine.java:1042)
	at org.eclipse.e4.ui.internal.workbench.E4Workbench.createAndRunUI(E4Workbench.java:153)
	at org.eclipse.ui.internal.Workbench.lambda$3(Workbench.java:663)
	at org.eclipse.core.databinding.observable.Realm.runWithDefault(Realm.java:339)
	at org.eclipse.ui.internal.Workbench.createAndRunWorkbench(Workbench.java:570)
	at org.eclipse.ui.PlatformUI.createAndRunWorkbench(PlatformUI.java:173)
	at org.eclipse.ui.internal.ide.application.IDEApplication.start(IDEApplication.java:178)
	at org.eclipse.equinox.internal.app.EclipseAppHandle.run(EclipseAppHandle.java:208)
	at org.eclipse.core.runtime.internal.adaptor.EclipseAppLauncher.runApplication(EclipseAppLauncher.java:143)
	at org.eclipse.core.runtime.internal.adaptor.EclipseAppLauncher.start(EclipseAppLauncher.java:109)
	at org.eclipse.core.runtime.adaptor.EclipseStarter.run(EclipseStarter.java:439)
	at org.eclipse.core.runtime.adaptor.EclipseStarter.run(EclipseStarter.java:271)
	at java.base/jdk.internal.reflect.DirectMethodHandleAccessor.invoke(DirectMethodHandleAccessor.java:103)
	at java.base/java.lang.reflect.Method.invoke(Method.java:580)
	at org.eclipse.equinox.launcher.Main.invokeFramework(Main.java:668)
	at org.eclipse.equinox.launcher.Main.basicRun(Main.java:605)
	at org.eclipse.equinox.launcher.Main.run(Main.java:1481)
Caused by: org.eclipse.core.runtime.CoreException: Cannot determine URI for '/MetroSystem/pom.xml'.
	at org.eclipse.core.internal.filebuffers.ResourceFileBuffer.create(ResourceFileBuffer.java:239)
	at org.eclipse.core.internal.filebuffers.TextFileBufferManager.connect(TextFileBufferManager.java:116)
	at org.eclipse.ui.editors.text.TextFileDocumentProvider.createFileInfo(TextFileDocumentProvider.java:565)
	at org.eclipse.ui.editors.text.TextFileDocumentProvider.connect(TextFileDocumentProvider.java:481)
	at org.eclipse.ui.texteditor.AbstractTextEditor.doSetInput(AbstractTextEditor.java:4187)
	at org.eclipse.ui.texteditor.StatusTextEditor.doSetInput(StatusTextEditor.java:262)
	at org.eclipse.ui.texteditor.AbstractDecoratedTextEditor.doSetInput(AbstractDecoratedTextEditor.java:1526)
	at org.eclipse.ui.editors.text.TextEditor.doSetInput(TextEditor.java:153)
	at org.eclipse.ui.internal.genericeditor.ExtensionBasedTextEditor.doSetInput(ExtensionBasedTextEditor.java:92)
	at org.eclipse.ui.texteditor.AbstractTextEditor.lambda$1(AbstractTextEditor.java:3171)
	at org.eclipse.jface.operation.ModalContext.runInCurrentThread(ModalContext.java:434)
	at org.eclipse.jface.operation.ModalContext.run(ModalContext.java:354)
	at org.eclipse.ui.internal.WorkbenchWindow.lambda$7(WorkbenchWindow.java:2341)
	at org.eclipse.swt.custom.BusyIndicator.showWhile(BusyIndicator.java:67)
	at org.eclipse.ui.internal.WorkbenchWindow.run(WorkbenchWindow.java:2338)
	at org.eclipse.ui.texteditor.AbstractTextEditor.internalInit(AbstractTextEditor.java:3188)
	... 81 common frames omitted
2025-02-09 17:24:10,228 [Worker-5: Updating Maven Dependencies] WARN  o.e.m.c.i.embedder.EclipseLogger - The artifact mysql:mysql-connector-java:jar:8.0.33 has been relocated to com.mysql:mysql-connector-j:jar:8.0.33: MySQL Connector/J artifacts moved to reverse-DNS compliant Maven 2+ coordinates.
2025-02-09 17:24:10,860 [Worker-13: Building] WARN  o.e.m.c.i.embedder.EclipseLogger - The artifact mysql:mysql-connector-java:jar:8.0.33 has been relocated to com.mysql:mysql-connector-j:jar:8.0.33: MySQL Connector/J artifacts moved to reverse-DNS compliant Maven 2+ coordinates.
2025-02-09 17:24:11,279 [Worker-13: Building] INFO  o.e.m.c.i.l.LifecycleMappingFactory - Using org.eclipse.m2e.jdt.JarLifecycleMapping lifecycle mapping for MavenProject: metrosystem:MetroSystem:0.0.1-SNAPSHOT @ C:\Users\lipgupta1\Downloads\Project_Metro_Station\Project_Metro_Station\MetroSystem\pom.xml.
2025-02-09 17:24:11,280 [Worker-5: Updating Maven Dependencies] INFO  o.e.m.c.i.l.LifecycleMappingFactory - Using org.eclipse.m2e.jdt.JarLifecycleMapping lifecycle mapping for MavenProject: metrosystem:MetroSystem:0.0.1-SNAPSHOT @ C:\Users\lipgupta1\Downloads\Project_Metro_Station\Project_Metro_Station\MetroSystem\pom.xml.
2025-02-09 17:24:11,291 [Worker-5: Updating Maven Dependencies] WARN  o.e.m.c.i.embedder.EclipseLogger - The artifact mysql:mysql-connector-java:jar:8.0.33 has been relocated to com.mysql:mysql-connector-j:jar:8.0.33: MySQL Connector/J artifacts moved to reverse-DNS compliant Maven 2+ coordinates.
2025-02-09 17:24:11,290 [Worker-13: Building] WARN  o.e.m.c.i.embedder.EclipseLogger - The artifact mysql:mysql-connector-java:jar:8.0.33 has been relocated to com.mysql:mysql-connector-j:jar:8.0.33: MySQL Connector/J artifacts moved to reverse-DNS compliant Maven 2+ coordinates.
2025-02-09 17:24:11,834 [Worker-13: Building] INFO  o.a.m.s.f.DefaultMavenResourcesFiltering - skip non existing resourceDirectory C:\Users\lipgupta1\Downloads\Project_Metro_Station\Project_Metro_Station\MetroSystem\src\main\resources
2025-02-09 17:24:11,843 [Worker-13: Building] INFO  o.a.m.s.f.DefaultMavenResourcesFiltering - skip non existing resourceDirectory C:\Users\lipgupta1\Downloads\Project_Metro_Station\Project_Metro_Station\MetroSystem\src\test\resources
2025-02-09 17:24:13,817 [Worker-13: Updating Maven Dependencies] INFO  o.e.m.c.i.l.LifecycleMappingFactory - Using org.eclipse.m2e.jdt.JarLifecycleMapping lifecycle mapping for MavenProject: metrosystem:MetroSystem:0.0.1-SNAPSHOT @ C:\Users\lipgupta1\Downloads\Project_Metro_Station\Project_Metro_Station\MetroSystem\pom.xml.
2025-02-09 17:24:13,937 [Worker-13: Updating Maven Dependencies] WARN  o.e.m.c.i.embedder.EclipseLogger - The artifact mysql:mysql-connector-java:jar:8.0.33 has been relocated to com.mysql:mysql-connector-j:jar:8.0.33: MySQL Connector/J artifacts moved to reverse-DNS compliant Maven 2+ coordinates.
2025-02-09 17:24:15,514 [Worker-18: Building] INFO  o.a.m.s.f.DefaultMavenResourcesFiltering - skip non existing resourceDirectory C:\Users\lipgupta1\Downloads\Project_Metro_Station\Project_Metro_Station\MetroSystem\src\main\resources
2025-02-09 17:24:15,521 [Worker-18: Building] INFO  o.a.m.s.f.DefaultMavenResourcesFiltering - skip non existing resourceDirectory C:\Users\lipgupta1\Downloads\Project_Metro_Station\Project_Metro_Station\MetroSystem\src\test\resources
2025-02-09 17:26:07,694 [Worker-15: Building] INFO  o.a.m.s.f.DefaultMavenResourcesFiltering - skip non existing resourceDirectory C:\Users\lipgupta1\Downloads\Project_Metro_Station\Project_Metro_Station\MetroSystem\src\main\resources
2025-02-09 17:26:07,698 [Worker-15: Building] INFO  o.a.m.s.f.DefaultMavenResourcesFiltering - skip non existing resourceDirectory C:\Users\lipgupta1\Downloads\Project_Metro_Station\Project_Metro_Station\MetroSystem\src\test\resources
2025-02-09 17:46:28,015 [Worker-4: Building] INFO  o.a.m.s.f.DefaultMavenResourcesFiltering - skip non existing resourceDirectory C:\Users\lipgupta1\Downloads\Project_Metro_Station\Project_Metro_Station\MetroSystem\src\main\resources
2025-02-09 17:46:28,020 [Worker-4: Building] INFO  o.a.m.s.f.DefaultMavenResourcesFiltering - skip non existing resourceDirectory C:\Users\lipgupta1\Downloads\Project_Metro_Station\Project_Metro_Station\MetroSystem\src\test\resources
2025-02-09 17:55:42,806 [Worker-15: Building] INFO  o.a.m.s.f.DefaultMavenResourcesFiltering - skip non existing resourceDirectory C:\Users\lipgupta1\Downloads\Project_Metro_Station\Project_Metro_Station\MetroSystem\src\main\resources
2025-02-09 17:55:42,809 [Worker-15: Building] INFO  o.a.m.s.f.DefaultMavenResourcesFiltering - skip non existing resourceDirectory C:\Users\lipgupta1\Downloads\Project_Metro_Station\Project_Metro_Station\MetroSystem\src\test\resources
2025-02-09 17:56:04,163 [Worker-3: Building] INFO  o.a.m.s.f.DefaultMavenResourcesFiltering - skip non existing resourceDirectory C:\Users\lipgupta1\Downloads\Project_Metro_Station\Project_Metro_Station\MetroSystem\src\main\resources
2025-02-09 17:56:04,165 [Worker-3: Building] INFO  o.a.m.s.f.DefaultMavenResourcesFiltering - skip non existing resourceDirectory C:\Users\lipgupta1\Downloads\Project_Metro_Station\Project_Metro_Station\MetroSystem\src\test\resources
2025-02-09 17:57:43,010 [Worker-4: Building] INFO  o.a.m.s.f.DefaultMavenResourcesFiltering - skip non existing resourceDirectory C:\Users\lipgupta1\Downloads\Project_Metro_Station\Project_Metro_Station\MetroSystem\src\main\resources
2025-02-09 17:57:43,013 [Worker-4: Building] INFO  o.a.m.s.f.DefaultMavenResourcesFiltering - skip non existing resourceDirectory C:\Users\lipgupta1\Downloads\Project_Metro_Station\Project_Metro_Station\MetroSystem\src\test\resources
2025-02-09 18:03:03,075 [Worker-4: Building] INFO  o.a.m.s.f.DefaultMavenResourcesFiltering - skip non existing resourceDirectory C:\Users\lipgupta1\Downloads\Project_Metro_Station\Project_Metro_Station\MetroSystem\src\main\resources
2025-02-09 18:03:03,078 [Worker-4: Building] INFO  o.a.m.s.f.DefaultMavenResourcesFiltering - skip non existing resourceDirectory C:\Users\lipgupta1\Downloads\Project_Metro_Station\Project_Metro_Station\MetroSystem\src\test\resources
2025-02-09 18:11:34,248 [Worker-13: Building] INFO  o.a.m.s.f.DefaultMavenResourcesFiltering - skip non existing resourceDirectory C:\Users\lipgupta1\Downloads\Project_Metro_Station\Project_Metro_Station\MetroSystem\src\main\resources
2025-02-09 18:11:34,251 [Worker-13: Building] INFO  o.a.m.s.f.DefaultMavenResourcesFiltering - skip non existing resourceDirectory C:\Users\lipgupta1\Downloads\Project_Metro_Station\Project_Metro_Station\MetroSystem\src\test\resources
2025-02-09 18:15:10,515 [Worker-8: Building] INFO  o.a.m.s.f.DefaultMavenResourcesFiltering - skip non existing resourceDirectory C:\Users\lipgupta1\Downloads\Project_Metro_Station\Project_Metro_Station\MetroSystem\src\main\resources
2025-02-09 18:15:10,520 [Worker-8: Building] INFO  o.a.m.s.f.DefaultMavenResourcesFiltering - skip non existing resourceDirectory C:\Users\lipgupta1\Downloads\Project_Metro_Station\Project_Metro_Station\MetroSystem\src\test\resources
2025-02-09 18:23:05,935 [Worker-16: Building] INFO  o.a.m.s.f.DefaultMavenResourcesFiltering - skip non existing resourceDirectory C:\Users\lipgupta1\Downloads\Project_Metro_Station\Project_Metro_Station\MetroSystem\src\main\resources
2025-02-09 18:23:05,938 [Worker-16: Building] INFO  o.a.m.s.f.DefaultMavenResourcesFiltering - skip non existing resourceDirectory C:\Users\lipgupta1\Downloads\Project_Metro_Station\Project_Metro_Station\MetroSystem\src\test\resources
2025-02-09 18:23:20,004 [Worker-5: Building] INFO  o.a.m.s.f.DefaultMavenResourcesFiltering - skip non existing resourceDirectory C:\Users\lipgupta1\Downloads\Project_Metro_Station\Project_Metro_Station\MetroSystem\src\main\resources
2025-02-09 18:23:20,006 [Worker-5: Building] INFO  o.a.m.s.f.DefaultMavenResourcesFiltering - skip non existing resourceDirectory C:\Users\lipgupta1\Downloads\Project_Metro_Station\Project_Metro_Station\MetroSystem\src\test\resources
2025-02-09 18:24:51,710 [Worker-13: Building] INFO  o.a.m.s.f.DefaultMavenResourcesFiltering - skip non existing resourceDirectory C:\Users\lipgupta1\Downloads\Project_Metro_Station\Project_Metro_Station\MetroSystem\src\main\resources
2025-02-09 18:24:51,713 [Worker-13: Building] INFO  o.a.m.s.f.DefaultMavenResourcesFiltering - skip non existing resourceDirectory C:\Users\lipgupta1\Downloads\Project_Metro_Station\Project_Metro_Station\MetroSystem\src\test\resources
2025-02-09 18:26:10,898 [Worker-19: Building] INFO  o.a.m.s.f.DefaultMavenResourcesFiltering - skip non existing resourceDirectory C:\Users\lipgupta1\Downloads\Project_Metro_Station\Project_Metro_Station\MetroSystem\src\main\resources
2025-02-09 18:26:10,900 [Worker-19: Building] INFO  o.a.m.s.f.DefaultMavenResourcesFiltering - skip non existing resourceDirectory C:\Users\lipgupta1\Downloads\Project_Metro_Station\Project_Metro_Station\MetroSystem\src\test\resources
2025-02-09 18:26:34,452 [Worker-15: Building] INFO  o.a.m.s.f.DefaultMavenResourcesFiltering - skip non existing resourceDirectory C:\Users\lipgupta1\Downloads\Project_Metro_Station\Project_Metro_Station\MetroSystem\src\main\resources
2025-02-09 18:26:34,454 [Worker-15: Building] INFO  o.a.m.s.f.DefaultMavenResourcesFiltering - skip non existing resourceDirectory C:\Users\lipgupta1\Downloads\Project_Metro_Station\Project_Metro_Station\MetroSystem\src\test\resources
2025-02-09 18:26:57,884 [Worker-15: Building] INFO  o.a.m.s.f.DefaultMavenResourcesFiltering - skip non existing resourceDirectory C:\Users\lipgupta1\Downloads\Project_Metro_Station\Project_Metro_Station\MetroSystem\src\main\resources
2025-02-09 18:26:57,887 [Worker-15: Building] INFO  o.a.m.s.f.DefaultMavenResourcesFiltering - skip non existing resourceDirectory C:\Users\lipgupta1\Downloads\Project_Metro_Station\Project_Metro_Station\MetroSystem\src\test\resources
2025-02-09 18:27:12,069 [Worker-16: Building] INFO  o.a.m.s.f.DefaultMavenResourcesFiltering - skip non existing resourceDirectory C:\Users\lipgupta1\Downloads\Project_Metro_Station\Project_Metro_Station\MetroSystem\src\main\resources
2025-02-09 18:27:12,071 [Worker-16: Building] INFO  o.a.m.s.f.DefaultMavenResourcesFiltering - skip non existing resourceDirectory C:\Users\lipgupta1\Downloads\Project_Metro_Station\Project_Metro_Station\MetroSystem\src\test\resources
2025-02-09 18:27:18,193 [Worker-6: Building] INFO  o.a.m.s.f.DefaultMavenResourcesFiltering - skip non existing resourceDirectory C:\Users\lipgupta1\Downloads\Project_Metro_Station\Project_Metro_Station\MetroSystem\src\main\resources
2025-02-09 18:27:18,197 [Worker-6: Building] INFO  o.a.m.s.f.DefaultMavenResourcesFiltering - skip non existing resourceDirectory C:\Users\lipgupta1\Downloads\Project_Metro_Station\Project_Metro_Station\MetroSystem\src\test\resources
2025-02-09 18:27:21,820 [Worker-13: Building] INFO  o.a.m.s.f.DefaultMavenResourcesFiltering - skip non existing resourceDirectory C:\Users\lipgupta1\Downloads\Project_Metro_Station\Project_Metro_Station\MetroSystem\src\main\resources
2025-02-09 18:27:21,822 [Worker-13: Building] INFO  o.a.m.s.f.DefaultMavenResourcesFiltering - skip non existing resourceDirectory C:\Users\lipgupta1\Downloads\Project_Metro_Station\Project_Metro_Station\MetroSystem\src\test\resources
2025-02-09 18:30:47,149 [Worker-2: Building] INFO  o.a.m.s.f.DefaultMavenResourcesFiltering - skip non existing resourceDirectory C:\Users\lipgupta1\Downloads\Project_Metro_Station\Project_Metro_Station\MetroSystem\src\main\resources
2025-02-09 18:30:47,153 [Worker-2: Building] INFO  o.a.m.s.f.DefaultMavenResourcesFiltering - skip non existing resourceDirectory C:\Users\lipgupta1\Downloads\Project_Metro_Station\Project_Metro_Station\MetroSystem\src\test\resources
2025-02-09 18:32:07,641 [Worker-12: Building] INFO  o.a.m.s.f.DefaultMavenResourcesFiltering - skip non existing resourceDirectory C:\Users\lipgupta1\Downloads\Project_Metro_Station\Project_Metro_Station\MetroSystem\src\main\resources
2025-02-09 18:32:07,646 [Worker-12: Building] INFO  o.a.m.s.f.DefaultMavenResourcesFiltering - skip non existing resourceDirectory C:\Users\lipgupta1\Downloads\Project_Metro_Station\Project_Metro_Station\MetroSystem\src\test\resources
2025-02-09 18:58:11,445 [Worker-7: Building] INFO  o.a.m.s.f.DefaultMavenResourcesFiltering - skip non existing resourceDirectory C:\Users\lipgupta1\Downloads\Project_Metro_Station\Project_Metro_Station\MetroSystem\src\main\resources
2025-02-09 18:58:11,455 [Worker-7: Building] INFO  o.a.m.s.f.DefaultMavenResourcesFiltering - skip non existing resourceDirectory C:\Users\lipgupta1\Downloads\Project_Metro_Station\Project_Metro_Station\MetroSystem\src\test\resources
2025-02-09 19:15:36,980 [Worker-5: Building] INFO  o.a.m.s.f.DefaultMavenResourcesFiltering - skip non existing resourceDirectory C:\Users\lipgupta1\Downloads\Project_Metro_Station\Project_Metro_Station\MetroSystem\src\main\resources
2025-02-09 19:15:36,984 [Worker-5: Building] INFO  o.a.m.s.f.DefaultMavenResourcesFiltering - skip non existing resourceDirectory C:\Users\lipgupta1\Downloads\Project_Metro_Station\Project_Metro_Station\MetroSystem\src\test\resources
2025-02-09 19:15:56,898 [Worker-13: Building] INFO  o.a.m.s.f.DefaultMavenResourcesFiltering - skip non existing resourceDirectory C:\Users\lipgupta1\Downloads\Project_Metro_Station\Project_Metro_Station\MetroSystem\src\main\resources
2025-02-09 19:15:56,900 [Worker-13: Building] INFO  o.a.m.s.f.DefaultMavenResourcesFiltering - skip non existing resourceDirectory C:\Users\lipgupta1\Downloads\Project_Metro_Station\Project_Metro_Station\MetroSystem\src\test\resources
2025-02-09 19:16:10,809 [Worker-18: Building] INFO  o.a.m.s.f.DefaultMavenResourcesFiltering - skip non existing resourceDirectory C:\Users\lipgupta1\Downloads\Project_Metro_Station\Project_Metro_Station\MetroSystem\src\main\resources
2025-02-09 19:16:10,811 [Worker-18: Building] INFO  o.a.m.s.f.DefaultMavenResourcesFiltering - skip non existing resourceDirectory C:\Users\lipgupta1\Downloads\Project_Metro_Station\Project_Metro_Station\MetroSystem\src\test\resources
2025-02-09 19:16:24,631 [Worker-5: Building] INFO  o.a.m.s.f.DefaultMavenResourcesFiltering - skip non existing resourceDirectory C:\Users\lipgupta1\Downloads\Project_Metro_Station\Project_Metro_Station\MetroSystem\src\main\resources
2025-02-09 19:16:24,634 [Worker-5: Building] INFO  o.a.m.s.f.DefaultMavenResourcesFiltering - skip non existing resourceDirectory C:\Users\lipgupta1\Downloads\Project_Metro_Station\Project_Metro_Station\MetroSystem\src\test\resources
2025-02-09 19:16:51,753 [Worker-13: Building] INFO  o.a.m.s.f.DefaultMavenResourcesFiltering - skip non existing resourceDirectory C:\Users\lipgupta1\Downloads\Project_Metro_Station\Project_Metro_Station\MetroSystem\src\main\resources
2025-02-09 19:16:51,754 [Worker-13: Building] INFO  o.a.m.s.f.DefaultMavenResourcesFiltering - skip non existing resourceDirectory C:\Users\lipgupta1\Downloads\Project_Metro_Station\Project_Metro_Station\MetroSystem\src\test\resources
2025-02-09 19:23:37,826 [Worker-6: Building] INFO  o.a.m.s.f.DefaultMavenResourcesFiltering - skip non existing resourceDirectory C:\Users\lipgupta1\Downloads\Project_Metro_Station\Project_Metro_Station\MetroSystem\src\main\resources
2025-02-09 19:23:37,828 [Worker-6: Building] INFO  o.a.m.s.f.DefaultMavenResourcesFiltering - skip non existing resourceDirectory C:\Users\lipgupta1\Downloads\Project_Metro_Station\Project_Metro_Station\MetroSystem\src\test\resources
2025-02-09 19:24:33,905 [Worker-0: Building] INFO  o.a.m.s.f.DefaultMavenResourcesFiltering - skip non existing resourceDirectory C:\Users\lipgupta1\Downloads\Project_Metro_Station\Project_Metro_Station\MetroSystem\src\main\resources
2025-02-09 19:24:33,908 [Worker-0: Building] INFO  o.a.m.s.f.DefaultMavenResourcesFiltering - skip non existing resourceDirectory C:\Users\lipgupta1\Downloads\Project_Metro_Station\Project_Metro_Station\MetroSystem\src\test\resources
2025-02-09 19:28:25,376 [Worker-18: Building] INFO  o.a.m.s.f.DefaultMavenResourcesFiltering - skip non existing resourceDirectory C:\Users\lipgupta1\Downloads\Project_Metro_Station\Project_Metro_Station\MetroSystem\src\main\resources
2025-02-09 19:28:25,379 [Worker-18: Building] INFO  o.a.m.s.f.DefaultMavenResourcesFiltering - skip non existing resourceDirectory C:\Users\lipgupta1\Downloads\Project_Metro_Station\Project_Metro_Station\MetroSystem\src\test\resources
2025-02-09 19:28:44,127 [Worker-7: Building] INFO  o.a.m.s.f.DefaultMavenResourcesFiltering - skip non existing resourceDirectory C:\Users\lipgupta1\Downloads\Project_Metro_Station\Project_Metro_Station\MetroSystem\src\main\resources
2025-02-09 19:28:44,129 [Worker-7: Building] INFO  o.a.m.s.f.DefaultMavenResourcesFiltering - skip non existing resourceDirectory C:\Users\lipgupta1\Downloads\Project_Metro_Station\Project_Metro_Station\MetroSystem\src\test\resources
2025-02-09 19:29:01,683 [Worker-5: Launching MetroSystemClient] INFO  o.a.m.s.f.DefaultMavenResourcesFiltering - skip non existing resourceDirectory C:\Users\lipgupta1\Downloads\Project_Metro_Station\Project_Metro_Station\MetroSystem\src\main\resources
2025-02-09 19:29:01,692 [Worker-5: Launching MetroSystemClient] INFO  o.a.m.s.f.DefaultMavenResourcesFiltering - skip non existing resourceDirectory C:\Users\lipgupta1\Downloads\Project_Metro_Station\Project_Metro_Station\MetroSystem\src\test\resources
2025-02-09 19:30:49,176 [Worker-0: Building] INFO  o.a.m.s.f.DefaultMavenResourcesFiltering - skip non existing resourceDirectory C:\Users\lipgupta1\Downloads\Project_Metro_Station\Project_Metro_Station\MetroSystem\src\main\resources
2025-02-09 19:30:49,179 [Worker-0: Building] INFO  o.a.m.s.f.DefaultMavenResourcesFiltering - skip non existing resourceDirectory C:\Users\lipgupta1\Downloads\Project_Metro_Station\Project_Metro_Station\MetroSystem\src\test\resources
2025-02-09 19:35:34,092 [Worker-7: Building] INFO  o.a.m.s.f.DefaultMavenResourcesFiltering - skip non existing resourceDirectory C:\Users\lipgupta1\Downloads\Project_Metro_Station\Project_Metro_Station\MetroSystem\src\main\resources
2025-02-09 19:35:34,095 [Worker-7: Building] INFO  o.a.m.s.f.DefaultMavenResourcesFiltering - skip non existing resourceDirectory C:\Users\lipgupta1\Downloads\Project_Metro_Station\Project_Metro_Station\MetroSystem\src\test\resources
2025-02-09 19:35:40,471 [Worker-12: Building] INFO  o.a.m.s.f.DefaultMavenResourcesFiltering - skip non existing resourceDirectory C:\Users\lipgupta1\Downloads\Project_Metro_Station\Project_Metro_Station\MetroSystem\src\main\resources
2025-02-09 19:35:40,474 [Worker-12: Building] INFO  o.a.m.s.f.DefaultMavenResourcesFiltering - skip non existing resourceDirectory C:\Users\lipgupta1\Downloads\Project_Metro_Station\Project_Metro_Station\MetroSystem\src\test\resources
2025-02-09 20:11:35,323 [Worker-8: Building] INFO  o.a.m.s.f.DefaultMavenResourcesFiltering - skip non existing resourceDirectory C:\Users\lipgupta1\Downloads\Project_Metro_Station\Project_Metro_Station\MetroSystem\src\main\resources
2025-02-09 20:11:35,326 [Worker-8: Building] INFO  o.a.m.s.f.DefaultMavenResourcesFiltering - skip non existing resourceDirectory C:\Users\lipgupta1\Downloads\Project_Metro_Station\Project_Metro_Station\MetroSystem\src\test\resources
2025-02-09 20:12:35,810 [Worker-0: Building] INFO  o.a.m.s.f.DefaultMavenResourcesFiltering - skip non existing resourceDirectory C:\Users\lipgupta1\Downloads\Project_Metro_Station\Project_Metro_Station\MetroSystem\src\main\resources
2025-02-09 20:12:35,812 [Worker-0: Building] INFO  o.a.m.s.f.DefaultMavenResourcesFiltering - skip non existing resourceDirectory C:\Users\lipgupta1\Downloads\Project_Metro_Station\Project_Metro_Station\MetroSystem\src\test\resources
2025-02-09 20:16:05,679 [Worker-13: Building] INFO  o.a.m.s.f.DefaultMavenResourcesFiltering - skip non existing resourceDirectory C:\Users\lipgupta1\Downloads\Project_Metro_Station\Project_Metro_Station\MetroSystem\src\main\resources
2025-02-09 20:16:05,681 [Worker-13: Building] INFO  o.a.m.s.f.DefaultMavenResourcesFiltering - skip non existing resourceDirectory C:\Users\lipgupta1\Downloads\Project_Metro_Station\Project_Metro_Station\MetroSystem\src\test\resources
2025-02-09 20:17:07,198 [Worker-5: Building] INFO  o.a.m.s.f.DefaultMavenResourcesFiltering - skip non existing resourceDirectory C:\Users\lipgupta1\Downloads\Project_Metro_Station\Project_Metro_Station\MetroSystem\src\main\resources
2025-02-09 20:17:07,200 [Worker-5: Building] INFO  o.a.m.s.f.DefaultMavenResourcesFiltering - skip non existing resourceDirectory C:\Users\lipgupta1\Downloads\Project_Metro_Station\Project_Metro_Station\MetroSystem\src\test\resources
2025-02-09 20:17:26,761 [Worker-7: Building] INFO  o.a.m.s.f.DefaultMavenResourcesFiltering - skip non existing resourceDirectory C:\Users\lipgupta1\Downloads\Project_Metro_Station\Project_Metro_Station\MetroSystem\src\main\resources
2025-02-09 20:17:26,764 [Worker-7: Building] INFO  o.a.m.s.f.DefaultMavenResourcesFiltering - skip non existing resourceDirectory C:\Users\lipgupta1\Downloads\Project_Metro_Station\Project_Metro_Station\MetroSystem\src\test\resources
2025-02-09 20:22:41,411 [Worker-19: Building] INFO  o.a.m.s.f.DefaultMavenResourcesFiltering - skip non existing resourceDirectory C:\Users\lipgupta1\Downloads\Project_Metro_Station\Project_Metro_Station\MetroSystem\src\main\resources
2025-02-09 20:22:41,414 [Worker-19: Building] INFO  o.a.m.s.f.DefaultMavenResourcesFiltering - skip non existing resourceDirectory C:\Users\lipgupta1\Downloads\Project_Metro_Station\Project_Metro_Station\MetroSystem\src\test\resources
2025-02-09 20:24:08,457 [Worker-2: Building] INFO  o.a.m.s.f.DefaultMavenResourcesFiltering - skip non existing resourceDirectory C:\Users\lipgupta1\Downloads\Project_Metro_Station\Project_Metro_Station\MetroSystem\src\main\resources
2025-02-09 20:24:08,459 [Worker-2: Building] INFO  o.a.m.s.f.DefaultMavenResourcesFiltering - skip non existing resourceDirectory C:\Users\lipgupta1\Downloads\Project_Metro_Station\Project_Metro_Station\MetroSystem\src\test\resources
2025-02-09 20:36:03,524 [Worker-8: Building] INFO  o.a.m.s.f.DefaultMavenResourcesFiltering - skip non existing resourceDirectory C:\Users\lipgupta1\Downloads\Project_Metro_Station\Project_Metro_Station\MetroSystem\src\main\resources
2025-02-09 20:36:03,527 [Worker-8: Building] INFO  o.a.m.s.f.DefaultMavenResourcesFiltering - skip non existing resourceDirectory C:\Users\lipgupta1\Downloads\Project_Metro_Station\Project_Metro_Station\MetroSystem\src\test\resources
2025-02-09 20:36:54,427 [Worker-13: Building] INFO  o.a.m.s.f.DefaultMavenResourcesFiltering - skip non existing resourceDirectory C:\Users\lipgupta1\Downloads\Project_Metro_Station\Project_Metro_Station\MetroSystem\src\main\resources
2025-02-09 20:36:54,429 [Worker-13: Building] INFO  o.a.m.s.f.DefaultMavenResourcesFiltering - skip non existing resourceDirectory C:\Users\lipgupta1\Downloads\Project_Metro_Station\Project_Metro_Station\MetroSystem\src\test\resources
2025-02-09 20:43:24,651 [Worker-16: Building] INFO  o.a.m.s.f.DefaultMavenResourcesFiltering - skip non existing resourceDirectory C:\Users\lipgupta1\Downloads\Project_Metro_Station\Project_Metro_Station\MetroSystem\src\main\resources
2025-02-09 20:43:24,653 [Worker-16: Building] INFO  o.a.m.s.f.DefaultMavenResourcesFiltering - skip non existing resourceDirectory C:\Users\lipgupta1\Downloads\Project_Metro_Station\Project_Metro_Station\MetroSystem\src\test\resources
2025-02-09 20:43:40,184 [Worker-12: Building] INFO  o.a.m.s.f.DefaultMavenResourcesFiltering - skip non existing resourceDirectory C:\Users\lipgupta1\Downloads\Project_Metro_Station\Project_Metro_Station\MetroSystem\src\main\resources
2025-02-09 20:43:40,186 [Worker-12: Building] INFO  o.a.m.s.f.DefaultMavenResourcesFiltering - skip non existing resourceDirectory C:\Users\lipgupta1\Downloads\Project_Metro_Station\Project_Metro_Station\MetroSystem\src\test\resources
2025-02-09 20:44:10,315 [Worker-13: Building] INFO  o.a.m.s.f.DefaultMavenResourcesFiltering - skip non existing resourceDirectory C:\Users\lipgupta1\Downloads\Project_Metro_Station\Project_Metro_Station\MetroSystem\src\main\resources
2025-02-09 20:44:10,317 [Worker-13: Building] INFO  o.a.m.s.f.DefaultMavenResourcesFiltering - skip non existing resourceDirectory C:\Users\lipgupta1\Downloads\Project_Metro_Station\Project_Metro_Station\MetroSystem\src\test\resources
2025-02-09 20:44:42,366 [Worker-16: Building] INFO  o.a.m.s.f.DefaultMavenResourcesFiltering - skip non existing resourceDirectory C:\Users\lipgupta1\Downloads\Project_Metro_Station\Project_Metro_Station\MetroSystem\src\main\resources
2025-02-09 20:44:42,368 [Worker-16: Building] INFO  o.a.m.s.f.DefaultMavenResourcesFiltering - skip non existing resourceDirectory C:\Users\lipgupta1\Downloads\Project_Metro_Station\Project_Metro_Station\MetroSystem\src\test\resources
2025-02-09 20:45:39,867 [Worker-16: Building] INFO  o.a.m.s.f.DefaultMavenResourcesFiltering - skip non existing resourceDirectory C:\Users\lipgupta1\Downloads\Project_Metro_Station\Project_Metro_Station\MetroSystem\src\main\resources
2025-02-09 20:45:39,870 [Worker-16: Building] INFO  o.a.m.s.f.DefaultMavenResourcesFiltering - skip non existing resourceDirectory C:\Users\lipgupta1\Downloads\Project_Metro_Station\Project_Metro_Station\MetroSystem\src\test\resources
2025-02-09 20:46:20,539 [Worker-19: Building] INFO  o.a.m.s.f.DefaultMavenResourcesFiltering - skip non existing resourceDirectory C:\Users\lipgupta1\Downloads\Project_Metro_Station\Project_Metro_Station\MetroSystem\src\main\resources
2025-02-09 20:46:20,542 [Worker-19: Building] INFO  o.a.m.s.f.DefaultMavenResourcesFiltering - skip non existing resourceDirectory C:\Users\lipgupta1\Downloads\Project_Metro_Station\Project_Metro_Station\MetroSystem\src\test\resources
2025-02-09 20:49:05,836 [Worker-13: Building] INFO  o.a.m.s.f.DefaultMavenResourcesFiltering - skip non existing resourceDirectory C:\Users\lipgupta1\Downloads\Project_Metro_Station\Project_Metro_Station\MetroSystem\src\main\resources
2025-02-09 20:49:05,838 [Worker-13: Building] INFO  o.a.m.s.f.DefaultMavenResourcesFiltering - skip non existing resourceDirectory C:\Users\lipgupta1\Downloads\Project_Metro_Station\Project_Metro_Station\MetroSystem\src\test\resources
2025-02-09 20:49:26,444 [Worker-19: Building] INFO  o.a.m.s.f.DefaultMavenResourcesFiltering - skip non existing resourceDirectory C:\Users\lipgupta1\Downloads\Project_Metro_Station\Project_Metro_Station\MetroSystem\src\main\resources
2025-02-09 20:49:26,446 [Worker-19: Building] INFO  o.a.m.s.f.DefaultMavenResourcesFiltering - skip non existing resourceDirectory C:\Users\lipgupta1\Downloads\Project_Metro_Station\Project_Metro_Station\MetroSystem\src\test\resources
2025-02-09 20:51:02,240 [Worker-13: Building] INFO  o.a.m.s.f.DefaultMavenResourcesFiltering - skip non existing resourceDirectory C:\Users\lipgupta1\Downloads\Project_Metro_Station\Project_Metro_Station\MetroSystem\src\main\resources
2025-02-09 20:51:02,242 [Worker-13: Building] INFO  o.a.m.s.f.DefaultMavenResourcesFiltering - skip non existing resourceDirectory C:\Users\lipgupta1\Downloads\Project_Metro_Station\Project_Metro_Station\MetroSystem\src\test\resources
2025-02-09 20:51:28,219 [Worker-2: Building] INFO  o.a.m.s.f.DefaultMavenResourcesFiltering - skip non existing resourceDirectory C:\Users\lipgupta1\Downloads\Project_Metro_Station\Project_Metro_Station\MetroSystem\src\main\resources
2025-02-09 20:51:28,221 [Worker-2: Building] INFO  o.a.m.s.f.DefaultMavenResourcesFiltering - skip non existing resourceDirectory C:\Users\lipgupta1\Downloads\Project_Metro_Station\Project_Metro_Station\MetroSystem\src\test\resources
2025-02-09 20:51:35,547 [Worker-19: Launching MetroSystemClient] INFO  o.a.m.s.f.DefaultMavenResourcesFiltering - skip non existing resourceDirectory C:\Users\lipgupta1\Downloads\Project_Metro_Station\Project_Metro_Station\MetroSystem\src\main\resources
2025-02-09 20:51:35,550 [Worker-19: Launching MetroSystemClient] INFO  o.a.m.s.f.DefaultMavenResourcesFiltering - skip non existing resourceDirectory C:\Users\lipgupta1\Downloads\Project_Metro_Station\Project_Metro_Station\MetroSystem\src\test\resources
2025-02-09 20:52:17,430 [Worker-2: Building] INFO  o.a.m.s.f.DefaultMavenResourcesFiltering - skip non existing resourceDirectory C:\Users\lipgupta1\Downloads\Project_Metro_Station\Project_Metro_Station\MetroSystem\src\main\resources
2025-02-09 20:52:17,432 [Worker-2: Building] INFO  o.a.m.s.f.DefaultMavenResourcesFiltering - skip non existing resourceDirectory C:\Users\lipgupta1\Downloads\Project_Metro_Station\Project_Metro_Station\MetroSystem\src\test\resources
2025-02-09 20:53:07,054 [Worker-7: Building] INFO  o.a.m.s.f.DefaultMavenResourcesFiltering - skip non existing resourceDirectory C:\Users\lipgupta1\Downloads\Project_Metro_Station\Project_Metro_Station\MetroSystem\src\main\resources
2025-02-09 20:53:07,056 [Worker-7: Building] INFO  o.a.m.s.f.DefaultMavenResourcesFiltering - skip non existing resourceDirectory C:\Users\lipgupta1\Downloads\Project_Metro_Station\Project_Metro_Station\MetroSystem\src\test\resources
2025-02-09 20:54:15,807 [Worker-12: Building] INFO  o.a.m.s.f.DefaultMavenResourcesFiltering - skip non existing resourceDirectory C:\Users\lipgupta1\Downloads\Project_Metro_Station\Project_Metro_Station\MetroSystem\src\main\resources
2025-02-09 20:54:15,809 [Worker-12: Building] INFO  o.a.m.s.f.DefaultMavenResourcesFiltering - skip non existing resourceDirectory C:\Users\lipgupta1\Downloads\Project_Metro_Station\Project_Metro_Station\MetroSystem\src\test\resources
2025-02-09 20:56:21,968 [Worker-9: Building] INFO  o.a.m.s.f.DefaultMavenResourcesFiltering - skip non existing resourceDirectory C:\Users\lipgupta1\Downloads\Project_Metro_Station\Project_Metro_Station\MetroSystem\src\main\resources
2025-02-09 20:56:21,971 [Worker-9: Building] INFO  o.a.m.s.f.DefaultMavenResourcesFiltering - skip non existing resourceDirectory C:\Users\lipgupta1\Downloads\Project_Metro_Station\Project_Metro_Station\MetroSystem\src\test\resources
2025-02-09 21:00:00,458 [Worker-6: Loading available Gradle versions] INFO  o.e.b.c.i.u.g.PublishedGradleVersions - Gradle version information cache is up-to-date. Trying to read.
2025-02-09 21:00:32,119 [Worker-3: Launching MetroSystemClient] WARN  o.e.m.c.i.embedder.EclipseLogger - The artifact mysql:mysql-connector-java:jar:8.0.33 has been relocated to com.mysql:mysql-connector-j:jar:8.0.33: MySQL Connector/J artifacts moved to reverse-DNS compliant Maven 2+ coordinates.
